{"/Users/nano/Softcision/redux/api/src/index.ts": {"path":"/Users/nano/Softcision/redux/api/src/index.ts","statementMap":{"0":{"start":{"line":1,"column":0},"end":{"line":1,"column":66}},"1":{"start":{"line":3,"column":0},"end":{"line":3,"column":24}},"2":{"start":{"line":4,"column":0},"end":{"line":4,"column":42}},"3":{"start":{"line":7,"column":13},"end":{"line":7,"column":37}},"4":{"start":{"line":9,"column":13},"end":{"line":9,"column":42}},"5":{"start":{"line":11,"column":0},"end":{"line":11,"column":16}},"6":{"start":{"line":12,"column":0},"end":{"line":12,"column":24}},"7":{"start":{"line":14,"column":0},"end":{"line":14,"column":27}},"8":{"start":{"line":18,"column":0},"end":{"line":22,"column":null}},"9":{"start":{"line":19,"column":2},"end":{"line":21,"column":5}},"10":{"start":{"line":20,"column":4},"end":{"line":20,"column":51}}},"fnMap":{"0":{"name":"(anonymous_1)","decl":{"start":{"line":19,"column":19},"end":{"line":19,"column":22}},"loc":{"start":{"line":19,"column":24},"end":{"line":21,"column":3}}}},"branchMap":{"0":{"loc":{"start":{"line":7,"column":13},"end":{"line":7,"column":29}},"type":"binary-expr","locations":[{"start":{"line":7,"column":13},"end":{"line":7,"column":29}},{"start":{"line":7,"column":33},"end":{"line":7,"column":37}}]},"1":{"loc":{"start":{"line":18,"column":0},"end":{"line":22,"column":null}},"type":"if","locations":[{"start":{"line":18,"column":0},"end":{"line":22,"column":null}},{"start":{"line":18,"column":0},"end":{"line":22,"column":null}}]}},"s":{"0":2,"1":2,"2":2,"3":2,"4":2,"5":2,"6":2,"7":2,"8":2,"9":0,"10":0},"f":{"0":0},"b":{"0":[2,2],"1":[0,2]}}
,"/Users/nano/Softcision/redux/api/src/controllers/artistController.ts": {"path":"/Users/nano/Softcision/redux/api/src/controllers/artistController.ts","statementMap":{"0":{"start":{"line":2,"column":0},"end":{"line":2,"column":61}},"1":{"start":{"line":3,"column":0},"end":{"line":3,"column":45}},"2":{"start":{"line":13,"column":20},"end":{"line":13,"column":57}},"3":{"start":{"line":14,"column":20},"end":{"line":14,"column":40}},"4":{"start":{"line":15,"column":8},"end":{"line":15,"column":24}},"5":{"start":{"line":20,"column":20},"end":{"line":20,"column":52}},"6":{"start":{"line":21,"column":20},"end":{"line":21,"column":40}},"7":{"start":{"line":22,"column":8},"end":{"line":22,"column":24}},"8":{"start":{"line":27,"column":20},"end":{"line":27,"column":56}},"9":{"start":{"line":28,"column":20},"end":{"line":28,"column":40}},"10":{"start":{"line":29,"column":8},"end":{"line":29,"column":24}},"11":{"start":{"line":34,"column":20},"end":{"line":34,"column":59}},"12":{"start":{"line":35,"column":20},"end":{"line":35,"column":40}},"13":{"start":{"line":36,"column":8},"end":{"line":36,"column":24}},"14":{"start":{"line":9,"column":0},"end":{"line":9,"column":21}}},"fnMap":{"0":{"name":"(anonymous_8)","decl":{"start":{"line":12,"column":17},"end":{"line":12,"column":30}},"loc":{"start":{"line":12,"column":43},"end":{"line":16,"column":null}}},"1":{"name":"(anonymous_10)","decl":{"start":{"line":18,"column":17},"end":{"line":18,"column":26}},"loc":{"start":{"line":18,"column":43},"end":{"line":23,"column":null}}},"2":{"name":"(anonymous_12)","decl":{"start":{"line":25,"column":17},"end":{"line":25,"column":35}},"loc":{"start":{"line":25,"column":52},"end":{"line":30,"column":null}}},"3":{"name":"(anonymous_14)","decl":{"start":{"line":32,"column":17},"end":{"line":32,"column":32}},"loc":{"start":{"line":32,"column":49},"end":{"line":37,"column":null}}}},"branchMap":{},"s":{"0":2,"1":2,"2":2,"3":2,"4":1,"5":2,"6":2,"7":1,"8":2,"9":2,"10":1,"11":2,"12":2,"13":1,"14":2},"f":{"0":2,"1":2,"2":2,"3":2},"b":{}}
,"/Users/nano/Softcision/redux/api/src/models/validation/artist.ts": {"path":"/Users/nano/Softcision/redux/api/src/models/validation/artist.ts","statementMap":{"0":{"start":{"line":3,"column":0},"end":{"line":3,"column":21}},"1":{"start":{"line":4,"column":12},"end":{"line":4,"column":15}},"2":{"start":{"line":6,"column":28},"end":{"line":11,"column":1}},"3":{"start":{"line":7,"column":19},"end":{"line":9,"column":6}},"4":{"start":{"line":10,"column":4},"end":{"line":10,"column":50}},"5":{"start":{"line":59,"column":4},"end":{"line":59,"column":23}},"6":{"start":{"line":13,"column":24},"end":{"line":18,"column":1}},"7":{"start":{"line":14,"column":19},"end":{"line":16,"column":6}},"8":{"start":{"line":17,"column":4},"end":{"line":17,"column":51}},"9":{"start":{"line":58,"column":4},"end":{"line":58,"column":19}},"10":{"start":{"line":20,"column":33},"end":{"line":25,"column":1}},"11":{"start":{"line":21,"column":19},"end":{"line":23,"column":6}},"12":{"start":{"line":24,"column":4},"end":{"line":24,"column":51}},"13":{"start":{"line":60,"column":4},"end":{"line":60,"column":28}},"14":{"start":{"line":27,"column":30},"end":{"line":32,"column":1}},"15":{"start":{"line":28,"column":19},"end":{"line":30,"column":6}},"16":{"start":{"line":31,"column":4},"end":{"line":31,"column":51}},"17":{"start":{"line":61,"column":4},"end":{"line":61,"column":25}},"18":{"start":{"line":37,"column":20},"end":{"line":41,"column":6}},"19":{"start":{"line":43,"column":29},"end":{"line":43,"column":58}},"20":{"start":{"line":45,"column":4},"end":{"line":54,"column":null}},"21":{"start":{"line":46,"column":28},"end":{"line":46,"column":33}},"22":{"start":{"line":47,"column":24},"end":{"line":47,"column":61}},"23":{"start":{"line":47,"column":41},"end":{"line":47,"column":50}},"24":{"start":{"line":50,"column":8},"end":{"line":50,"column":null}},"25":{"start":{"line":52,"column":8},"end":{"line":52,"column":25}},"26":{"start":{"line":53,"column":8},"end":{"line":53,"column":15}}},"fnMap":{"0":{"name":"(anonymous_1)","decl":{"start":{"line":6,"column":28},"end":{"line":6,"column":29}},"loc":{"start":{"line":6,"column":76},"end":{"line":11,"column":1}}},"1":{"name":"(anonymous_2)","decl":{"start":{"line":13,"column":24},"end":{"line":13,"column":25}},"loc":{"start":{"line":13,"column":81},"end":{"line":18,"column":1}}},"2":{"name":"(anonymous_3)","decl":{"start":{"line":20,"column":33},"end":{"line":20,"column":34}},"loc":{"start":{"line":20,"column":81},"end":{"line":25,"column":1}}},"3":{"name":"(anonymous_4)","decl":{"start":{"line":27,"column":30},"end":{"line":27,"column":31}},"loc":{"start":{"line":27,"column":78},"end":{"line":32,"column":1}}},"4":{"name":"validateRequest","decl":{"start":{"line":36,"column":9},"end":{"line":36,"column":24}},"loc":{"start":{"line":36,"column":103},"end":{"line":55,"column":1}}},"5":{"name":"(anonymous_6)","decl":{"start":{"line":47,"column":36},"end":{"line":47,"column":37}},"loc":{"start":{"line":47,"column":41},"end":{"line":47,"column":50}}}},"branchMap":{"0":{"loc":{"start":{"line":45,"column":4},"end":{"line":54,"column":null}},"type":"if","locations":[{"start":{"line":45,"column":4},"end":{"line":54,"column":null}},{"start":{"line":45,"column":4},"end":{"line":54,"column":null}}]}},"s":{"0":2,"1":2,"2":2,"3":5,"4":5,"5":2,"6":2,"7":5,"8":5,"9":2,"10":2,"11":6,"12":6,"13":2,"14":2,"15":4,"16":4,"17":2,"18":20,"19":20,"20":20,"21":4,"22":4,"23":4,"24":4,"25":16,"26":16},"f":{"0":5,"1":5,"2":6,"3":4,"4":20,"5":4},"b":{"0":[4,16]}}
,"/Users/nano/Softcision/redux/api/src/routes/artist.ts": {"path":"/Users/nano/Softcision/redux/api/src/routes/artist.ts","statementMap":{"0":{"start":{"line":1,"column":0},"end":{"line":1,"column":30}},"1":{"start":{"line":2,"column":0},"end":{"line":2,"column":63}},"2":{"start":{"line":3,"column":0},"end":{"line":3,"column":132}},"3":{"start":{"line":5,"column":15},"end":{"line":5,"column":31}},"4":{"start":{"line":6,"column":19},"end":{"line":6,"column":41}},"5":{"start":{"line":8,"column":0},"end":{"line":18,"column":3}},"6":{"start":{"line":8,"column":70},"end":{"line":18,"column":2}},"7":{"start":{"line":9,"column":4},"end":{"line":17,"column":null}},"8":{"start":{"line":10,"column":25},"end":{"line":10,"column":35}},"9":{"start":{"line":12,"column":25},"end":{"line":12,"column":71}},"10":{"start":{"line":13,"column":8},"end":{"line":13,"column":null}},"11":{"start":{"line":16,"column":8},"end":{"line":16,"column":null}},"12":{"start":{"line":20,"column":0},"end":{"line":31,"column":3}},"13":{"start":{"line":20,"column":63},"end":{"line":31,"column":2}},"14":{"start":{"line":21,"column":4},"end":{"line":30,"column":null}},"15":{"start":{"line":23,"column":23},"end":{"line":23,"column":34}},"16":{"start":{"line":25,"column":25},"end":{"line":25,"column":65}},"17":{"start":{"line":26,"column":8},"end":{"line":26,"column":null}},"18":{"start":{"line":29,"column":8},"end":{"line":29,"column":null}},"19":{"start":{"line":33,"column":0},"end":{"line":44,"column":3}},"20":{"start":{"line":33,"column":76},"end":{"line":44,"column":2}},"21":{"start":{"line":34,"column":4},"end":{"line":43,"column":null}},"22":{"start":{"line":36,"column":23},"end":{"line":36,"column":34}},"23":{"start":{"line":38,"column":25},"end":{"line":38,"column":74}},"24":{"start":{"line":39,"column":8},"end":{"line":39,"column":null}},"25":{"start":{"line":42,"column":8},"end":{"line":42,"column":null}},"26":{"start":{"line":46,"column":0},"end":{"line":57,"column":3}},"27":{"start":{"line":46,"column":76},"end":{"line":57,"column":2}},"28":{"start":{"line":47,"column":4},"end":{"line":56,"column":null}},"29":{"start":{"line":49,"column":23},"end":{"line":49,"column":34}},"30":{"start":{"line":51,"column":25},"end":{"line":51,"column":71}},"31":{"start":{"line":52,"column":8},"end":{"line":52,"column":null}},"32":{"start":{"line":55,"column":8},"end":{"line":55,"column":null}},"33":{"start":{"line":61,"column":0},"end":{"line":61,"column":22}}},"fnMap":{"0":{"name":"(anonymous_8)","decl":{"start":{"line":8,"column":50},"end":{"line":8,"column":57}},"loc":{"start":{"line":8,"column":70},"end":{"line":18,"column":2}}},"1":{"name":"(anonymous_9)","decl":{"start":{"line":8,"column":70},"end":{"line":8,"column":null}},"loc":{"start":{"line":8,"column":70},"end":{"line":18,"column":1}}},"2":{"name":"(anonymous_10)","decl":{"start":{"line":20,"column":43},"end":{"line":20,"column":50}},"loc":{"start":{"line":20,"column":63},"end":{"line":31,"column":2}}},"3":{"name":"(anonymous_11)","decl":{"start":{"line":20,"column":63},"end":{"line":20,"column":null}},"loc":{"start":{"line":20,"column":63},"end":{"line":31,"column":1}}},"4":{"name":"(anonymous_12)","decl":{"start":{"line":33,"column":56},"end":{"line":33,"column":63}},"loc":{"start":{"line":33,"column":76},"end":{"line":44,"column":2}}},"5":{"name":"(anonymous_13)","decl":{"start":{"line":33,"column":76},"end":{"line":33,"column":null}},"loc":{"start":{"line":33,"column":76},"end":{"line":44,"column":1}}},"6":{"name":"(anonymous_14)","decl":{"start":{"line":46,"column":56},"end":{"line":46,"column":63}},"loc":{"start":{"line":46,"column":76},"end":{"line":57,"column":2}}},"7":{"name":"(anonymous_15)","decl":{"start":{"line":46,"column":76},"end":{"line":46,"column":null}},"loc":{"start":{"line":46,"column":76},"end":{"line":57,"column":1}}}},"branchMap":{},"s":{"0":2,"1":2,"2":2,"3":2,"4":2,"5":2,"6":4,"7":4,"8":4,"9":4,"10":2,"11":2,"12":2,"13":4,"14":4,"15":4,"16":4,"17":2,"18":2,"19":2,"20":4,"21":4,"22":4,"23":4,"24":2,"25":2,"26":2,"27":4,"28":4,"29":4,"30":4,"31":2,"32":2,"33":2},"f":{"0":4,"1":4,"2":4,"3":4,"4":4,"5":4,"6":4,"7":4},"b":{}}
,"/Users/nano/Softcision/redux/api/src/utils/external_serives.ts": {"path":"/Users/nano/Softcision/redux/api/src/utils/external_serives.ts","statementMap":{"0":{"start":{"line":1,"column":13},"end":{"line":1,"column":49}},"1":{"start":{"line":2,"column":13},"end":{"line":2,"column":null}}},"fnMap":{},"branchMap":{},"s":{"0":2,"1":2},"f":{},"b":{}}
}
