TN:
SF:src/index.ts
FN:19,(anonymous_1)
FNF:1
FNH:0
FNDA:0,(anonymous_1)
DA:1,2
DA:3,2
DA:4,2
DA:7,2
DA:9,2
DA:11,2
DA:12,2
DA:14,2
DA:18,2
DA:19,0
DA:20,0
LF:11
LH:9
BRDA:7,0,0,2
BRDA:7,0,1,2
BRDA:18,1,0,0
BRDA:18,1,1,2
BRF:4
BRH:3
end_of_record
TN:
SF:src/controllers/artistController.ts
FN:12,(anonymous_8)
FN:18,(anonymous_10)
FN:25,(anonymous_12)
FN:32,(anonymous_14)
FNF:4
FNH:4
FNDA:2,(anonymous_8)
FNDA:2,(anonymous_10)
FNDA:2,(anonymous_12)
FNDA:2,(anonymous_14)
DA:2,2
DA:3,2
DA:9,2
DA:13,2
DA:14,2
DA:15,1
DA:20,2
DA:21,2
DA:22,1
DA:27,2
DA:28,2
DA:29,1
DA:34,2
DA:35,2
DA:36,1
LF:15
LH:15
BRF:0
BRH:0
end_of_record
TN:
SF:src/models/validation/artist.ts
FN:6,(anonymous_1)
FN:13,(anonymous_2)
FN:20,(anonymous_3)
FN:27,(anonymous_4)
FN:36,validateRequest
FN:47,(anonymous_6)
FNF:6
FNH:6
FNDA:5,(anonymous_1)
FNDA:5,(anonymous_2)
FNDA:6,(anonymous_3)
FNDA:4,(anonymous_4)
FNDA:20,validateRequest
FNDA:4,(anonymous_6)
DA:3,2
DA:4,2
DA:6,2
DA:7,5
DA:10,5
DA:13,2
DA:14,5
DA:17,5
DA:20,2
DA:21,6
DA:24,6
DA:27,2
DA:28,4
DA:31,4
DA:37,20
DA:43,20
DA:45,20
DA:46,4
DA:47,4
DA:50,4
DA:52,16
DA:53,16
DA:58,2
DA:59,2
DA:60,2
DA:61,2
LF:26
LH:26
BRDA:45,0,0,4
BRDA:45,0,1,16
BRF:2
BRH:2
end_of_record
TN:
SF:src/routes/artist.ts
FN:8,(anonymous_8)
FN:8,(anonymous_9)
FN:20,(anonymous_10)
FN:20,(anonymous_11)
FN:33,(anonymous_12)
FN:33,(anonymous_13)
FN:46,(anonymous_14)
FN:46,(anonymous_15)
FNF:8
FNH:8
FNDA:4,(anonymous_8)
FNDA:4,(anonymous_9)
FNDA:4,(anonymous_10)
FNDA:4,(anonymous_11)
FNDA:4,(anonymous_12)
FNDA:4,(anonymous_13)
FNDA:4,(anonymous_14)
FNDA:4,(anonymous_15)
DA:1,2
DA:2,2
DA:3,2
DA:5,2
DA:6,2
DA:8,4
DA:9,4
DA:10,4
DA:12,4
DA:13,2
DA:16,2
DA:20,4
DA:21,4
DA:23,4
DA:25,4
DA:26,2
DA:29,2
DA:33,4
DA:34,4
DA:36,4
DA:38,4
DA:39,2
DA:42,2
DA:46,4
DA:47,4
DA:49,4
DA:51,4
DA:52,2
DA:55,2
DA:61,2
LF:30
LH:30
BRF:0
BRH:0
end_of_record
TN:
SF:src/utils/external_serives.ts
FNF:0
FNH:0
DA:1,2
DA:2,2
LF:2
LH:2
BRF:0
BRH:0
end_of_record
