TN:
SF:src/index.ts
FN:34,(anonymous_1)
FNF:1
FNH:0
FNDA:0,(anonymous_1)
DA:1,2
DA:3,2
DA:5,2
DA:6,2
DA:9,2
DA:11,2
DA:14,2
DA:15,2
DA:20,2
DA:21,2
DA:33,2
DA:34,0
DA:35,0
LF:13
LH:11
BRDA:9,0,0,2
BRDA:9,0,1,2
BRDA:33,1,0,0
BRDA:33,1,1,2
BRF:4
BRH:3
end_of_record
TN:
SF:src/controllers/artistController.ts
FN:12,(anonymous_8)
FN:18,(anonymous_10)
FN:25,(anonymous_12)
FN:32,(anonymous_14)
FNF:4
FNH:4
FNDA:1,(anonymous_8)
FNDA:1,(anonymous_10)
FNDA:1,(anonymous_12)
FNDA:1,(anonymous_14)
DA:2,2
DA:3,2
DA:9,2
DA:13,1
DA:14,1
DA:15,1
DA:20,1
DA:21,1
DA:22,1
DA:27,1
DA:28,1
DA:29,1
DA:34,1
DA:35,1
DA:36,1
LF:15
LH:15
BRF:0
BRH:0
end_of_record
TN:
SF:src/controllers/testController.ts
FN:12,(anonymous_9)
FN:19,(anonymous_11)
FNF:2
FNH:0
FNDA:0,(anonymous_9)
FNDA:0,(anonymous_11)
DA:6,2
DA:9,2
DA:12,2
DA:13,0
DA:19,2
DA:21,0
LF:6
LH:4
BRF:0
BRH:0
end_of_record
TN:
SF:src/models/validation/artist.ts
FN:6,(anonymous_1)
FN:13,(anonymous_2)
FN:20,(anonymous_3)
FN:27,(anonymous_4)
FN:36,validateRequest
FN:47,(anonymous_6)
FNF:6
FNH:6
FNDA:3,(anonymous_1)
FNDA:3,(anonymous_2)
FNDA:4,(anonymous_3)
FNDA:2,(anonymous_4)
FNDA:12,validateRequest
FNDA:4,(anonymous_6)
DA:3,2
DA:4,2
DA:6,2
DA:7,3
DA:10,3
DA:13,2
DA:14,3
DA:17,3
DA:20,2
DA:21,4
DA:24,4
DA:27,2
DA:28,2
DA:31,2
DA:37,12
DA:43,12
DA:45,12
DA:46,4
DA:47,4
DA:50,4
DA:52,8
DA:53,8
DA:58,2
DA:59,2
DA:60,2
DA:61,2
LF:26
LH:26
BRDA:45,0,0,4
BRDA:45,0,1,8
BRF:2
BRH:2
end_of_record
TN:
SF:src/routes/artist.ts
FN:8,(anonymous_8)
FN:8,(anonymous_9)
FN:21,(anonymous_10)
FN:21,(anonymous_11)
FN:35,(anonymous_12)
FN:35,(anonymous_13)
FN:49,(anonymous_14)
FN:49,(anonymous_15)
FNF:8
FNH:8
FNDA:2,(anonymous_8)
FNDA:2,(anonymous_9)
FNDA:2,(anonymous_10)
FNDA:2,(anonymous_11)
FNDA:2,(anonymous_12)
FNDA:2,(anonymous_13)
FNDA:2,(anonymous_14)
FNDA:2,(anonymous_15)
DA:1,2
DA:2,2
DA:3,2
DA:5,2
DA:6,2
DA:8,2
DA:9,2
DA:10,2
DA:12,2
DA:13,2
DA:16,0
DA:17,0
DA:21,2
DA:22,2
DA:24,2
DA:26,2
DA:27,2
DA:35,2
DA:36,2
DA:38,2
DA:40,2
DA:41,2
DA:44,0
DA:45,0
DA:49,2
DA:50,2
DA:52,2
DA:54,2
DA:55,2
DA:58,0
DA:59,0
DA:65,2
LF:32
LH:26
BRF:0
BRH:0
end_of_record
TN:
SF:src/utils/external_serives.ts
FNF:0
FNH:0
DA:1,2
DA:2,2
LF:2
LH:2
BRF:0
BRH:0
end_of_record
TN:
SF:src/utils/isNumber.ts
FN:1,(anonymous_0)
FNF:1
FNH:1
FNDA:12,(anonymous_0)
DA:1,1
DA:2,12
LF:2
LH:2
BRDA:2,0,0,12
BRDA:2,0,1,7
BRF:2
BRH:2
end_of_record
